number,value,datetime_start,datetime_complete,duration,params_colsample_bytree,params_gamma,params_learning_rate,params_max_depth,params_n_estimators,params_reg_alpha,params_reg_lambda,params_subsample,state
0,0.991,2026-05-25 12:42:03.328560,2026-05-25 12:42:06.604486,0 days 00:00:03.275926,0.43814978285856665,0.6776325836494301,0.4761533139972428,5,54,0.31512774328723414,6.829340746227379,0.3058588358555784,COMPLETE
1,0.9912,2026-05-25 12:42:06.607108,2026-05-25 12:42:12.646989,0 days 00:00:06.039881,0.7463939514775818,1.681888017631733,0.2723538872976839,10,134,0.8646630253638677,2.4962842539434327,0.5712027647870476,COMPLETE
2,0.9919,2026-05-25 12:42:12.650170,2026-05-25 12:42:19.877764,0 days 00:00:07.227594,0.39908690741488995,2.0201667859390264,0.2905231131752584,10,217,0.5817536598343712,9.209398035836536,0.4680945523028689,COMPLETE
3,0.9916,2026-05-25 12:42:19.880303,2026-05-25 12:42:23.256514,0 days 00:00:03.376211,0.8092281062676647,3.1650939062825967,0.3288008221862633,6,96,0.8614397026918467,7.753235255438929,0.49315872345311496,COMPLETE
4,0.9913,2026-05-25 12:42:23.258188,2026-05-25 12:42:26.030808,0 days 00:00:02.772620,0.7840094631509292,3.4807033724523047,0.46505097494694736,4,57,0.6296424587278224,2.214017633849094,0.4880003730831233,COMPLETE
5,0.9914,2026-05-25 12:42:26.033666,2026-05-25 12:42:31.166217,0 days 00:00:05.132551,0.5927423929010756,3.219063179000786,0.459509935844827,8,82,0.11216678625127266,5.303464687745297,0.7510313618728006,COMPLETE
6,0.9909,2026-05-25 12:42:31.167601,2026-05-25 12:42:40.607156,0 days 00:00:09.439555,0.16474250854755965,4.600953881145968,0.4795198192214877,5,185,0.7411638753539378,4.142576346420296,0.40949295154123977,COMPLETE
7,0.9913,2026-05-25 12:42:40.608763,2026-05-25 12:42:53.289594,0 days 00:00:12.680831,0.7033786959899616,3.3112550771923326,0.15135184521089481,7,217,0.5782017189213193,2.6446932631777313,0.5352927403239853,COMPLETE
8,0.9911,2026-05-25 12:42:53.290928,2026-05-25 12:43:01.997861,0 days 00:00:08.706933,0.5929150691066528,1.6956164485415404,0.15213460560526923,6,127,0.6118752110170365,3.6254360978169933,0.3618143258912916,COMPLETE
9,0.9911,2026-05-25 12:43:01.999746,2026-05-25 12:43:15.392976,0 days 00:00:13.393230,0.7100258428101587,2.3939339460762206,0.2528603323483751,3,245,0.1672913861959744,3.7207156514703543,0.5283812926614967,COMPLETE
10,0.9909,2026-05-25 12:43:15.395203,2026-05-25 12:43:39.121097,0 days 00:00:23.725894,0.3422918506795392,0.10809576601687754,0.3731086550221511,10,288,0.40918388061991745,10.539502983284288,0.10268028060914874,COMPLETE
11,0.9916,2026-05-25 12:43:39.122826,2026-05-25 12:43:45.534195,0 days 00:00:06.411369,0.9994196275132072,4.521047022881419,0.3347893969940884,8,141,0.9348745826465991,8.785777835724828,0.9409484013440828,COMPLETE
12,0.9912,2026-05-25 12:43:45.535421,2026-05-25 12:43:52.593951,0 days 00:00:07.058530,0.9754191707872244,2.3284776464589143,0.21294950345437602,8,197,0.7486165033763859,7.741804802877175,0.6634768239161638,COMPLETE
13,0.991,2026-05-25 12:43:52.595384,2026-05-25 12:43:58.504092,0 days 00:00:05.908708,0.3040030473479891,1.4755651374557406,0.3765327107893334,9,246,0.4624330284986685,9.840435264687471,0.21999815814504609,COMPLETE
14,0.991,2026-05-25 12:43:58.505585,2026-05-25 12:44:01.095340,0 days 00:00:02.589755,0.4617787609311156,2.8752653428560673,0.3169627184785151,6,105,0.9713204443523848,8.42117776755532,0.7367926631841082,COMPLETE
15,0.99,2026-05-25 12:44:01.096921,2026-05-25 12:44:08.479777,0 days 00:00:07.382856,0.11504470241880876,4.047882534082948,0.2141627707037182,7,175,0.7835874604322326,6.285442084642273,0.8536367071388575,COMPLETE
16,0.9912,2026-05-25 12:44:08.481297,2026-05-25 12:44:17.458974,0 days 00:00:08.977677,0.8651798760565914,3.897170982130594,0.39691404716022793,5,159,0.48995950044382586,9.7058375190613,0.2592424817063479,COMPLETE
17,0.9914,2026-05-25 12:44:17.460300,2026-05-25 12:44:41.622809,0 days 00:00:24.162509,0.2778503995064344,1.0852317207822917,0.28916675126698455,9,292,0.26902040863568016,7.424003863540175,0.4377162357476346,COMPLETE
18,0.9911,2026-05-25 12:44:41.626311,2026-05-25 12:44:55.609566,0 days 00:00:13.983255,0.48644208750669127,2.140676573935049,0.2211959037036338,3,224,0.8423826304384583,8.937562325037423,0.6286912164489747,COMPLETE
19,0.991,2026-05-25 12:44:55.615955,2026-05-25 12:45:00.835324,0 days 00:00:05.219369,0.8429806857456211,2.8536123429420956,0.4205874881295055,9,88,0.6894167957045588,10.873804772116673,0.19363510239899356,COMPLETE
20,0.9909,2026-05-25 12:45:00.836950,2026-05-25 12:45:10.400263,0 days 00:00:09.563313,0.5704087991011485,2.021074564505327,0.10321481538865934,7,111,0.8892814977701591,5.0917096479029595,0.36058878112006526,COMPLETE
21,0.9912,2026-05-25 12:45:10.402554,2026-05-25 12:45:18.481405,0 days 00:00:08.078851,0.9971791735236053,4.873498117293917,0.32542609846135295,8,152,0.953032311652228,8.814164868013105,0.9757193444657131,COMPLETE
22,0.9909,2026-05-25 12:45:18.484501,2026-05-25 12:45:26.413221,0 days 00:00:07.928720,0.8993710217325032,4.304872185675533,0.3390153017078724,10,147,0.998821092904484,7.955205894611177,0.9587927189086984,COMPLETE
23,0.9914,2026-05-25 12:45:26.414599,2026-05-25 12:45:36.505870,0 days 00:00:10.091271,0.9267030970173938,3.7154237506280903,0.34160667790213745,6,205,0.8118494418411659,9.524743341417555,0.8092979078980006,COMPLETE
24,0.9909,2026-05-25 12:45:36.508342,2026-05-25 12:45:42.613108,0 days 00:00:06.104766,0.8183275923548704,2.830588989037495,0.25024737480072384,8,84,0.9004286538912505,7.120516972112525,0.6041755374441831,COMPLETE
25,0.9917,2026-05-25 12:45:42.620348,2026-05-25 12:45:58.103707,0 days 00:00:15.483359,0.35751796604564834,4.861913775325237,0.2950701482638224,9,248,0.697600988887557,8.391342959679648,0.4520899031750027,COMPLETE
26,0.991,2026-05-25 12:45:58.105287,2026-05-25 12:46:11.254162,0 days 00:00:13.148875,0.3730726256818342,4.974528481610305,0.2948898230222817,9,256,0.7059172953241106,6.140528112022805,0.47409463821466885,COMPLETE
27,0.9912,2026-05-25 12:46:11.260440,2026-05-25 12:46:26.602012,0 days 00:00:15.341572,0.22016850462534227,2.749611567297396,0.35981664796969137,10,268,0.5240153597725606,8.172771684525948,0.4205809817195429,COMPLETE
28,0.9917,2026-05-25 12:46:26.604849,2026-05-25 12:46:44.093258,0 days 00:00:17.488409,0.6488549178174672,1.1248044858405515,0.249335301949871,9,230,0.6640681056530459,10.210071287322373,0.689465477941553,COMPLETE
29,0.9923,2026-05-25 12:46:44.097103,2026-05-25 12:47:02.588312,0 days 00:00:18.491209,0.38117175410012644,0.7343668706341724,0.1891680078408332,9,230,0.39693942619866696,10.176033723488487,0.7053035760373845,COMPLETE
30,0.9914,2026-05-25 12:47:02.590086,2026-05-25 12:47:27.578499,0 days 00:00:24.988413,0.40420354103551687,0.0879704909870771,0.18112506899157774,10,275,0.3591689500938272,9.127278104152253,0.2924139545407912,COMPLETE
31,0.9919,2026-05-25 12:47:27.580520,2026-05-25 12:47:41.889147,0 days 00:00:14.308627,0.507045705899051,0.9738887525718739,0.2408984269793146,9,230,0.6844170846757268,10.40726326966374,0.6803996439482326,COMPLETE
32,0.9917,2026-05-25 12:47:41.890665,2026-05-25 12:47:58.010943,0 days 00:00:16.120278,0.4981024192397467,0.6992412788092525,0.27438547988365863,9,239,0.5513139127884199,10.21091723376079,0.5739486996819473,COMPLETE
33,0.9918,2026-05-25 12:47:58.013316,2026-05-25 12:48:14.996035,0 days 00:00:16.982719,0.4230604934629333,0.4812211571155764,0.1785237114726474,10,208,0.4386470246196723,10.726525225007974,0.7060457866879339,COMPLETE
34,0.9916,2026-05-25 12:48:14.998215,2026-05-25 12:48:30.124994,0 days 00:00:15.126779,0.4152331125891398,0.5009231064190762,0.17540471295703125,10,207,0.29497121700406276,10.905447081781126,0.8712000862183191,COMPLETE
35,0.9922,2026-05-25 12:48:30.126920,2026-05-25 12:48:44.595102,0 days 00:00:14.468182,0.5296981141573335,0.5618312210321281,0.11846655074695905,10,183,0.45546318032442945,10.14643326903305,0.7379436374642685,COMPLETE
36,0.9916,2026-05-25 12:48:44.596640,2026-05-25 12:48:56.874364,0 days 00:00:12.277724,0.5154430662000893,1.0091546188029858,0.10350946804670785,10,185,0.3690352191534461,9.509247886069158,0.7893234627988758,COMPLETE
37,0.991,2026-05-25 12:48:56.875988,2026-05-25 12:49:04.068610,0 days 00:00:07.192622,0.2518193929513088,1.477155357969819,0.12999145746860033,9,176,0.5807570252191399,1.2205783815518245,0.6375727190581558,COMPLETE
38,0.9919,2026-05-25 12:49:04.070372,2026-05-25 12:49:13.261210,0 days 00:00:09.190838,0.6227585991790172,0.6243548251642631,0.19382762051954033,8,230,0.2400631527461983,10.042170553878574,0.7375203550705592,COMPLETE
39,0.9914,2026-05-25 12:49:13.262867,2026-05-25 12:49:20.573201,0 days 00:00:07.310334,0.5271086320031677,0.9148789391269957,0.14176926692417618,10,167,0.6206071400916621,10.256172329564938,0.5738186899751186,COMPLETE
40,0.9916,2026-05-25 12:49:20.574779,2026-05-25 12:49:30.624909,0 days 00:00:10.050130,0.6664120672184584,0.29750079655851036,0.12445715522858791,7,196,0.5074292474165958,6.678320419094476,0.7969446505330571,COMPLETE
41,0.9917,2026-05-25 12:49:30.626629,2026-05-25 12:49:37.663131,0 days 00:00:07.036502,0.5824221570367433,0.7602393090121238,0.2275873724332328,8,225,0.18363246702329272,10.017816652014547,0.7306899314759369,COMPLETE
42,0.9919,2026-05-25 12:49:37.664571,2026-05-25 12:49:43.680763,0 days 00:00:06.016192,0.6289822020708593,1.2884893973324691,0.19333420141248187,9,235,0.2552927618927988,9.240465998118358,0.6697578568853864,COMPLETE
43,0.9917,2026-05-25 12:49:43.682317,2026-05-25 12:49:49.014527,0 days 00:00:05.332210,0.45441404341271086,1.7843732953592433,0.20110253074156126,8,259,0.3935777710443644,10.409141548515354,0.8879935008178086,COMPLETE
44,0.992,2026-05-25 12:49:49.016003,2026-05-25 12:49:58.866899,0 days 00:00:09.850896,0.7450491971396226,0.34301099283431413,0.161211791519714,9,217,0.2251581766227113,9.720953940376475,0.521909154412917,COMPLETE
45,0.9919,2026-05-25 12:49:58.868900,2026-05-25 12:50:10.292901,0 days 00:00:11.424001,0.7398668691046129,0.2729857838315646,0.15933365608456243,10,216,0.3288573967134454,9.385378708211096,0.3815705799913378,COMPLETE
46,0.9913,2026-05-25 12:50:10.294461,2026-05-25 12:50:16.459129,0 days 00:00:06.164668,0.5436920333605286,0.0017509034637747112,0.23502818899249955,4,198,0.11354096480341586,5.329074797512867,0.5467494125487965,COMPLETE
47,0.9916,2026-05-25 12:50:16.460838,2026-05-25 12:50:21.732836,0 days 00:00:05.271998,0.3452756962017336,1.3781753570875728,0.27505160871677925,9,185,0.4396378687297515,8.69422753753883,0.523480622344101,COMPLETE
48,0.992,2026-05-25 12:50:21.734359,2026-05-25 12:50:32.604570,0 days 00:00:10.870211,0.46744941951952235,0.3462008944262855,0.1607769372107389,10,211,0.5811823965240792,10.99516512640675,0.5004332251928677,COMPLETE
49,0.9917,2026-05-25 12:50:32.606074,2026-05-25 12:50:43.243176,0 days 00:00:10.637102,0.47058393269483123,0.3472446048149926,0.1608073768925557,10,214,0.567281310026045,10.99794235450174,0.4970359704314963,COMPLETE
